mode: set
github.com/carlmontanari/vcluster-plugin-prefer-parent-resources/hooks/configmaps.go:26.88,37.2 1 1
github.com/carlmontanari/vcluster-plugin-prefer-parent-resources/hooks/configmaps.go:51.52,53.2 1 0
github.com/carlmontanari/vcluster-plugin-prefer-parent-resources/hooks/configmaps.go:56.74,58.2 1 0
github.com/carlmontanari/vcluster-plugin-prefer-parent-resources/hooks/configmaps.go:68.37,70.9 2 1
github.com/carlmontanari/vcluster-plugin-prefer-parent-resources/hooks/configmaps.go:74.2,75.8 2 1
github.com/carlmontanari/vcluster-plugin-prefer-parent-resources/hooks/configmaps.go:81.2,86.34 4 1
github.com/carlmontanari/vcluster-plugin-prefer-parent-resources/hooks/configmaps.go:154.2,156.17 2 1
github.com/carlmontanari/vcluster-plugin-prefer-parent-resources/hooks/configmaps.go:70.9,72.3 1 0
github.com/carlmontanari/vcluster-plugin-prefer-parent-resources/hooks/configmaps.go:75.8,76.20 1 1
github.com/carlmontanari/vcluster-plugin-prefer-parent-resources/hooks/configmaps.go:76.20,78.4 1 1
github.com/carlmontanari/vcluster-plugin-prefer-parent-resources/hooks/configmaps.go:86.34,87.56 1 1
github.com/carlmontanari/vcluster-plugin-prefer-parent-resources/hooks/configmaps.go:91.3,104.17 6 1
github.com/carlmontanari/vcluster-plugin-prefer-parent-resources/hooks/configmaps.go:112.3,116.57 2 1
github.com/carlmontanari/vcluster-plugin-prefer-parent-resources/hooks/configmaps.go:120.3,125.65 2 1
github.com/carlmontanari/vcluster-plugin-prefer-parent-resources/hooks/configmaps.go:131.3,131.24 1 1
github.com/carlmontanari/vcluster-plugin-prefer-parent-resources/hooks/configmaps.go:135.3,147.17 3 1
github.com/carlmontanari/vcluster-plugin-prefer-parent-resources/hooks/configmaps.go:151.3,151.51 1 1
github.com/carlmontanari/vcluster-plugin-prefer-parent-resources/hooks/configmaps.go:87.56,88.12 1 0
github.com/carlmontanari/vcluster-plugin-prefer-parent-resources/hooks/configmaps.go:104.17,110.4 1 0
github.com/carlmontanari/vcluster-plugin-prefer-parent-resources/hooks/configmaps.go:116.57,117.12 1 0
github.com/carlmontanari/vcluster-plugin-prefer-parent-resources/hooks/configmaps.go:125.65,127.4 1 1
github.com/carlmontanari/vcluster-plugin-prefer-parent-resources/hooks/configmaps.go:131.24,132.12 1 0
github.com/carlmontanari/vcluster-plugin-prefer-parent-resources/hooks/configmaps.go:147.17,148.12 1 1
github.com/carlmontanari/vcluster-plugin-prefer-parent-resources/hooks/configmaps.go:166.37,170.9 3 1
github.com/carlmontanari/vcluster-plugin-prefer-parent-resources/hooks/configmaps.go:174.2,176.17 2 1
github.com/carlmontanari/vcluster-plugin-prefer-parent-resources/hooks/configmaps.go:170.9,172.3 1 0
github.com/carlmontanari/vcluster-plugin-prefer-parent-resources/hooks/hooks.go:9.62,14.2 1 0
github.com/carlmontanari/vcluster-plugin-prefer-parent-resources/hooks/secrets.go:26.85,37.2 1 0
github.com/carlmontanari/vcluster-plugin-prefer-parent-resources/hooks/secrets.go:51.49,53.2 1 0
github.com/carlmontanari/vcluster-plugin-prefer-parent-resources/hooks/secrets.go:56.71,58.2 1 0
github.com/carlmontanari/vcluster-plugin-prefer-parent-resources/hooks/secrets.go:66.15,67.28 1 0
github.com/carlmontanari/vcluster-plugin-prefer-parent-resources/hooks/secrets.go:109.2,109.12 1 0
github.com/carlmontanari/vcluster-plugin-prefer-parent-resources/hooks/secrets.go:67.28,70.74 2 0
github.com/carlmontanari/vcluster-plugin-prefer-parent-resources/hooks/secrets.go:86.3,86.24 1 0
github.com/carlmontanari/vcluster-plugin-prefer-parent-resources/hooks/secrets.go:90.3,101.17 3 0
github.com/carlmontanari/vcluster-plugin-prefer-parent-resources/hooks/secrets.go:105.3,106.56 1 0
github.com/carlmontanari/vcluster-plugin-prefer-parent-resources/hooks/secrets.go:70.74,79.98 3 0
github.com/carlmontanari/vcluster-plugin-prefer-parent-resources/hooks/secrets.go:79.98,82.10 2 0
github.com/carlmontanari/vcluster-plugin-prefer-parent-resources/hooks/secrets.go:86.24,87.12 1 0
github.com/carlmontanari/vcluster-plugin-prefer-parent-resources/hooks/secrets.go:101.17,102.12 1 0
github.com/carlmontanari/vcluster-plugin-prefer-parent-resources/hooks/secrets.go:116.15,117.28 1 0
github.com/carlmontanari/vcluster-plugin-prefer-parent-resources/hooks/secrets.go:153.2,153.12 1 0
github.com/carlmontanari/vcluster-plugin-prefer-parent-resources/hooks/secrets.go:117.28,125.66 3 0
github.com/carlmontanari/vcluster-plugin-prefer-parent-resources/hooks/secrets.go:131.3,131.24 1 0
github.com/carlmontanari/vcluster-plugin-prefer-parent-resources/hooks/secrets.go:135.3,146.17 3 0
github.com/carlmontanari/vcluster-plugin-prefer-parent-resources/hooks/secrets.go:150.3,150.83 1 0
github.com/carlmontanari/vcluster-plugin-prefer-parent-resources/hooks/secrets.go:125.66,127.4 1 0
github.com/carlmontanari/vcluster-plugin-prefer-parent-resources/hooks/secrets.go:131.24,132.12 1 0
github.com/carlmontanari/vcluster-plugin-prefer-parent-resources/hooks/secrets.go:146.17,147.12 1 0
github.com/carlmontanari/vcluster-plugin-prefer-parent-resources/hooks/secrets.go:162.37,164.9 2 0
github.com/carlmontanari/vcluster-plugin-prefer-parent-resources/hooks/secrets.go:168.2,169.8 2 0
github.com/carlmontanari/vcluster-plugin-prefer-parent-resources/hooks/secrets.go:175.2,178.50 3 0
github.com/carlmontanari/vcluster-plugin-prefer-parent-resources/hooks/secrets.go:183.2,186.16 3 0
github.com/carlmontanari/vcluster-plugin-prefer-parent-resources/hooks/secrets.go:190.2,193.17 3 0
github.com/carlmontanari/vcluster-plugin-prefer-parent-resources/hooks/secrets.go:164.9,166.3 1 0
github.com/carlmontanari/vcluster-plugin-prefer-parent-resources/hooks/secrets.go:169.8,170.20 1 0
github.com/carlmontanari/vcluster-plugin-prefer-parent-resources/hooks/secrets.go:170.20,172.4 1 0
github.com/carlmontanari/vcluster-plugin-prefer-parent-resources/hooks/secrets.go:178.50,181.3 1 0
github.com/carlmontanari/vcluster-plugin-prefer-parent-resources/hooks/secrets.go:186.16,188.3 1 0
github.com/carlmontanari/vcluster-plugin-prefer-parent-resources/hooks/secrets.go:203.37,207.9 3 0
github.com/carlmontanari/vcluster-plugin-prefer-parent-resources/hooks/secrets.go:211.2,213.17 2 0
github.com/carlmontanari/vcluster-plugin-prefer-parent-resources/hooks/secrets.go:207.9,209.3 1 0
github.com/carlmontanari/vcluster-plugin-prefer-parent-resources/hooks/util.go:20.58,21.28 1 1
github.com/carlmontanari/vcluster-plugin-prefer-parent-resources/hooks/util.go:25.2,26.9 2 1
github.com/carlmontanari/vcluster-plugin-prefer-parent-resources/hooks/util.go:21.28,23.3 1 1
github.com/carlmontanari/vcluster-plugin-prefer-parent-resources/hooks/util.go:26.9,28.3 1 1
github.com/carlmontanari/vcluster-plugin-prefer-parent-resources/hooks/util.go:28.8,30.3 1 0
github.com/carlmontanari/vcluster-plugin-prefer-parent-resources/hooks/util.go:43.74,46.45 2 1
github.com/carlmontanari/vcluster-plugin-prefer-parent-resources/hooks/util.go:79.2,79.19 1 1
github.com/carlmontanari/vcluster-plugin-prefer-parent-resources/hooks/util.go:46.45,47.56 1 0
github.com/carlmontanari/vcluster-plugin-prefer-parent-resources/hooks/util.go:47.56,48.65 1 0
github.com/carlmontanari/vcluster-plugin-prefer-parent-resources/hooks/util.go:52.4,52.13 1 0
github.com/carlmontanari/vcluster-plugin-prefer-parent-resources/hooks/util.go:48.65,49.13 1 0
github.com/carlmontanari/vcluster-plugin-prefer-parent-resources/hooks/util.go:53.19,54.82 1 0
github.com/carlmontanari/vcluster-plugin-prefer-parent-resources/hooks/util.go:64.16,65.79 1 0
github.com/carlmontanari/vcluster-plugin-prefer-parent-resources/hooks/util.go:54.82,63.6 1 0
github.com/carlmontanari/vcluster-plugin-prefer-parent-resources/hooks/util.go:65.79,74.6 1 0
github.com/carlmontanari/vcluster-plugin-prefer-parent-resources/hooks/util.go:90.77,93.33 2 1
github.com/carlmontanari/vcluster-plugin-prefer-parent-resources/hooks/util.go:106.2,106.22 1 1
github.com/carlmontanari/vcluster-plugin-prefer-parent-resources/hooks/util.go:93.33,94.12 1 1
github.com/carlmontanari/vcluster-plugin-prefer-parent-resources/hooks/util.go:95.18,96.56 1 1
github.com/carlmontanari/vcluster-plugin-prefer-parent-resources/hooks/util.go:99.15,100.53 1 0
github.com/carlmontanari/vcluster-plugin-prefer-parent-resources/hooks/util.go:96.56,98.5 1 1
github.com/carlmontanari/vcluster-plugin-prefer-parent-resources/hooks/util.go:100.53,102.5 1 0
github.com/carlmontanari/vcluster-plugin-prefer-parent-resources/hooks/util.go:114.24,126.16 5 0
github.com/carlmontanari/vcluster-plugin-prefer-parent-resources/hooks/util.go:134.2,134.18 1 0
github.com/carlmontanari/vcluster-plugin-prefer-parent-resources/hooks/util.go:126.16,132.3 1 0
