mode: set
github.com/carlmontanari/vcluster-plugin-prefer-parent-resources/hooks/util.go:7.58,8.28 1 1
github.com/carlmontanari/vcluster-plugin-prefer-parent-resources/hooks/util.go:12.2,12.64 1 1
github.com/carlmontanari/vcluster-plugin-prefer-parent-resources/hooks/util.go:8.28,10.3 1 1
github.com/carlmontanari/vcluster-plugin-prefer-parent-resources/hooks/configmaps.go:26.88,37.2 1 1
github.com/carlmontanari/vcluster-plugin-prefer-parent-resources/hooks/configmaps.go:51.52,53.2 1 0
github.com/carlmontanari/vcluster-plugin-prefer-parent-resources/hooks/configmaps.go:56.63,58.2 1 0
github.com/carlmontanari/vcluster-plugin-prefer-parent-resources/hooks/configmaps.go:68.26,70.9 2 1
github.com/carlmontanari/vcluster-plugin-prefer-parent-resources/hooks/configmaps.go:74.2,75.8 2 1
github.com/carlmontanari/vcluster-plugin-prefer-parent-resources/hooks/configmaps.go:81.2,81.34 1 1
github.com/carlmontanari/vcluster-plugin-prefer-parent-resources/hooks/configmaps.go:149.2,151.17 2 1
github.com/carlmontanari/vcluster-plugin-prefer-parent-resources/hooks/configmaps.go:70.9,72.3 1 0
github.com/carlmontanari/vcluster-plugin-prefer-parent-resources/hooks/configmaps.go:75.8,76.20 1 1
github.com/carlmontanari/vcluster-plugin-prefer-parent-resources/hooks/configmaps.go:76.20,78.4 1 1
github.com/carlmontanari/vcluster-plugin-prefer-parent-resources/hooks/configmaps.go:81.34,82.56 1 1
github.com/carlmontanari/vcluster-plugin-prefer-parent-resources/hooks/configmaps.go:86.3,99.17 6 1
github.com/carlmontanari/vcluster-plugin-prefer-parent-resources/hooks/configmaps.go:107.3,111.57 2 1
github.com/carlmontanari/vcluster-plugin-prefer-parent-resources/hooks/configmaps.go:115.3,120.65 2 1
github.com/carlmontanari/vcluster-plugin-prefer-parent-resources/hooks/configmaps.go:126.3,126.24 1 1
github.com/carlmontanari/vcluster-plugin-prefer-parent-resources/hooks/configmaps.go:130.3,142.17 3 1
github.com/carlmontanari/vcluster-plugin-prefer-parent-resources/hooks/configmaps.go:146.3,146.51 1 1
github.com/carlmontanari/vcluster-plugin-prefer-parent-resources/hooks/configmaps.go:82.56,83.12 1 0
github.com/carlmontanari/vcluster-plugin-prefer-parent-resources/hooks/configmaps.go:99.17,105.4 1 0
github.com/carlmontanari/vcluster-plugin-prefer-parent-resources/hooks/configmaps.go:111.57,112.12 1 0
github.com/carlmontanari/vcluster-plugin-prefer-parent-resources/hooks/configmaps.go:120.65,122.4 1 1
github.com/carlmontanari/vcluster-plugin-prefer-parent-resources/hooks/configmaps.go:126.24,127.12 1 0
github.com/carlmontanari/vcluster-plugin-prefer-parent-resources/hooks/configmaps.go:142.17,143.12 1 1
github.com/carlmontanari/vcluster-plugin-prefer-parent-resources/hooks/configmaps.go:161.26,165.9 3 1
github.com/carlmontanari/vcluster-plugin-prefer-parent-resources/hooks/configmaps.go:169.2,171.17 2 1
github.com/carlmontanari/vcluster-plugin-prefer-parent-resources/hooks/configmaps.go:165.9,167.3 1 0
